<?xml version="1.0" encoding="UTF-8"?>
<testng-results ignored="2" total="4" passed="2" failed="0" skipped="0">
  <reporter-output>
  </reporter-output>
  <suite started-at="2023-11-04T20:41:31 IST" name="Suite" finished-at="2023-11-04T20:41:31 IST" duration-ms="37">
    <groups>
    </groups>
    <test started-at="2023-11-04T20:41:31 IST" name="Test" finished-at="2023-11-04T20:41:31 IST" duration-ms="37">
      <class name="testcases.TC001_Login">
        <test-method is-config="true" signature="startReport()[pri:0, instance:testcases.TC001_Login@3232a28a]" started-at="2023-11-04T20:41:31 IST" name="startReport" finished-at="2023-11-04T20:41:31 IST" duration-ms="105" status="PASS">
          <reporter-output>
          </reporter-output>
        </test-method> <!-- startReport -->
        <test-method is-config="true" signature="setValues()[pri:0, instance:testcases.TC001_Login@3232a28a]" started-at="2023-11-04T20:41:31 IST" name="setValues" finished-at="2023-11-04T20:41:31 IST" duration-ms="0" status="PASS">
          <reporter-output>
          </reporter-output>
        </test-method> <!-- setValues -->
        <test-method is-config="true" signature="testcaseDetails()[pri:0, instance:testcases.TC001_Login@3232a28a]" started-at="2023-11-04T20:41:31 IST" name="testcaseDetails" finished-at="2023-11-04T20:41:31 IST" duration-ms="6" status="PASS">
          <reporter-output>
          </reporter-output>
        </test-method> <!-- testcaseDetails -->
        <test-method signature="runLogin()[pri:0, instance:testcases.TC001_Login@3232a28a]" started-at="2023-11-04T20:41:31 IST" name="runLogin" finished-at="2023-11-04T20:41:31 IST" duration-ms="6" status="PASS">
          <reporter-output>
          </reporter-output>
        </test-method> <!-- runLogin -->
        <test-method is-config="true" signature="preCondition()[pri:0, instance:testcases.TC001_Login@3232a28a]" started-at="2023-11-04T20:41:31 IST" name="preCondition" finished-at="2023-11-04T20:41:31 IST" duration-ms="0" status="PASS">
          <reporter-output>
          </reporter-output>
        </test-method> <!-- preCondition -->
        <test-method is-config="true" signature="endReport()[pri:0, instance:testcases.TC001_Login@3232a28a]" started-at="2023-11-04T20:41:31 IST" name="endReport" finished-at="2023-11-04T20:41:31 IST" duration-ms="134" status="PASS">
          <reporter-output>
          </reporter-output>
        </test-method> <!-- endReport -->
      </class> <!-- testcases.TC001_Login -->
      <class name="testcases.TC002_CreateLead">
        <test-method is-config="true" signature="setValues()[pri:0, instance:testcases.TC002_CreateLead@2b91004a]" started-at="2023-11-04T20:41:31 IST" name="setValues" finished-at="2023-11-04T20:41:31 IST" duration-ms="0" status="PASS">
          <reporter-output>
          </reporter-output>
        </test-method> <!-- setValues -->
        <test-method is-config="true" signature="preCondition()[pri:0, instance:testcases.TC002_CreateLead@2b91004a]" started-at="2023-11-04T20:41:31 IST" name="preCondition" finished-at="2023-11-04T20:41:31 IST" duration-ms="1" status="PASS">
          <reporter-output>
          </reporter-output>
        </test-method> <!-- preCondition -->
        <test-method is-config="true" signature="testcaseDetails()[pri:0, instance:testcases.TC002_CreateLead@2b91004a]" started-at="2023-11-04T20:41:31 IST" name="testcaseDetails" finished-at="2023-11-04T20:41:31 IST" duration-ms="0" status="PASS">
          <reporter-output>
          </reporter-output>
        </test-method> <!-- testcaseDetails -->
        <test-method signature="runCreateLead()[pri:0, instance:testcases.TC002_CreateLead@2b91004a]" started-at="2023-11-04T20:41:31 IST" name="runCreateLead" finished-at="2023-11-04T20:41:31 IST" duration-ms="1" status="PASS">
          <reporter-output>
          </reporter-output>
        </test-method> <!-- runCreateLead -->
      </class> <!-- testcases.TC002_CreateLead -->
    </test> <!-- Test -->
  </suite> <!-- Suite -->
</testng-results>
