<?xml version="1.0" encoding="UTF-8"?>
<!-- Generated by org.testng.reporters.JUnitXMLReporter -->
<testsuite ignored="2" hostname="LAPTOP-TUN26NFM" failures="0" tests="2" name="Test" time="0.037" errors="0" timestamp="2023-11-04T20:41:31 IST">
  <testcase classname="testcases.TC001_Login" name="runLogin" time="0.006"/>
  <testcase classname="testcases.TC002_CreateLead" name="runCreateLead" time="0.001"/>
  <testcase classname="utils.Reporter" name="@AfterSuite endReport" time="0.0">
    <ignored/>
  </testcase> <!-- @AfterSuite endReport -->
  <testcase classname="utils.Reporter" name="@BeforeSuite startReport" time="0.0">
    <ignored/>
  </testcase> <!-- @BeforeSuite startReport -->
</testsuite> <!-- Test -->
